<?xml version="1.0" encoding="UTF-8"?>
<!-- Generated by org.testng.reporters.JUnitReportReporter -->
<testsuite ignored="0" hostname="APSR" failures="0" tests="1" name="pruebaTestNG.Selenium_Test" time="11.867" errors="0" timestamp="05 Oct 2024 17:05:44 GMT" skipped="0">
  <testcase classname="pruebaTestNG.Selenium_Test" name="f" time="11.867"/>
</testsuite> <!-- pruebaTestNG.Selenium_Test -->
